<?xml version="1.0" encoding="UTF-8"?>
<!-- Generated by org.testng.reporters.JUnitXMLReporter -->
<testsuite hostname="TL1061" ignored="4" name="Default test" tests="3" failures="0" timestamp="2023-10-19T14:15:21 IST" time="237.931" errors="0">
  <testcase name="runCreateIncident" time="61.066" classname="com.servicenow.testcases.TC_001Create_Incident"/>
  <testcase name="runUpdateIncident" time="68.954" classname="com.servicenow.testcases.TC_002UpdateIncident"/>
  <testcase name="runDeleteIncident" time="79.325" classname="com.servicenow.testcases.TC_003DeleteIncident"/>
  <testcase name="@BeforeSuite startReport" time="0.0" classname="com.framework.utils.Reporter">
    <ignored/>
  </testcase> <!-- @BeforeSuite startReport -->
  <testcase name="@BeforeSuite startReport" time="0.0" classname="com.framework.utils.Reporter">
    <ignored/>
  </testcase> <!-- @BeforeSuite startReport -->
  <testcase name="@AfterSuite endResult" time="0.0" classname="com.framework.utils.Reporter">
    <ignored/>
  </testcase> <!-- @AfterSuite endResult -->
  <testcase name="@AfterSuite endResult" time="0.0" classname="com.framework.utils.Reporter">
    <ignored/>
  </testcase> <!-- @AfterSuite endResult -->
</testsuite> <!-- Default test -->
